<?xml version="1.0" encoding="UTF-8"?>
<testng-results ignored="0" total="1" passed="1" failed="0" skipped="0">
  <reporter-output>
  </reporter-output>
  <suite started-at="2023-05-30T20:45:48 EDT" name="Default suite" finished-at="2023-05-30T20:45:55 EDT" duration-ms="6479">
    <groups>
    </groups>
    <test started-at="2023-05-30T20:45:48 EDT" name="Default test" finished-at="2023-05-30T20:45:55 EDT" duration-ms="6479">
      <class name="tek.api.sqa.tests.CreateAccountTest">
        <test-method is-config="true" signature="setupApiTest()[pri:0, instance:tek.api.sqa.tests.CreateAccountTest@77659b30]" started-at="2023-05-30T20:45:49 EDT" name="setupApiTest" finished-at="2023-05-30T20:45:49 EDT" duration-ms="634" status="PASS">
          <reporter-output>
          </reporter-output>
        </test-method> <!-- setupApiTest -->
        <test-method signature="createAccountValidTest()[pri:0, instance:tek.api.sqa.tests.CreateAccountTest@77659b30]" started-at="2023-05-30T20:45:49 EDT" name="createAccountValidTest" finished-at="2023-05-30T20:45:55 EDT" duration-ms="5213" status="PASS">
          <reporter-output>
          </reporter-output>
        </test-method> <!-- createAccountValidTest -->
      </class> <!-- tek.api.sqa.tests.CreateAccountTest -->
    </test> <!-- Default test -->
  </suite> <!-- Default suite -->
</testng-results>
