<?xml version="1.0" encoding="UTF-8"?>
<testng-results ignored="0" total="1" passed="1" failed="0" skipped="0">
  <reporter-output>
  </reporter-output>
  <suite started-at="2023-06-01T14:08:04 EDT" name="Default suite" finished-at="2023-06-01T14:08:12 EDT" duration-ms="7910">
    <groups>
    </groups>
    <test started-at="2023-06-01T14:08:04 EDT" name="Default test" finished-at="2023-06-01T14:08:12 EDT" duration-ms="7910">
      <class name="tek.api.sqa.tests.CreateAccountTest">
        <test-method is-config="true" signature="setupApiTest()[pri:0, instance:tek.api.sqa.tests.CreateAccountTest@57a3e26a]" started-at="2023-06-01T14:08:05 EDT" name="setupApiTest" finished-at="2023-06-01T14:08:06 EDT" duration-ms="845" status="PASS">
          <reporter-output>
          </reporter-output>
        </test-method> <!-- setupApiTest -->
        <test-method signature="createAccountValidTest()[pri:0, instance:tek.api.sqa.tests.CreateAccountTest@57a3e26a]" started-at="2023-06-01T14:08:06 EDT" name="createAccountValidTest" finished-at="2023-06-01T14:08:12 EDT" duration-ms="6288" status="PASS">
          <reporter-output>
          </reporter-output>
        </test-method> <!-- createAccountValidTest -->
      </class> <!-- tek.api.sqa.tests.CreateAccountTest -->
    </test> <!-- Default test -->
  </suite> <!-- Default suite -->
</testng-results>
